The system is: Linux - 2.6.32-696.1.1.el6.x86_64 - x86_64
Compiling the C compiler identification source file "CMakeCCompilerId.c" succeeded.
Compiler: /software/STCF/gcc494-install/bin/gcc 
Build flags: 
Id flags:  

The output was:
0


Compilation of the C compiler identification source "CMakeCCompilerId.c" produced "a.out"

The C compiler identification is GNU, found in "/home/lizw/work/FTOFsimulation/DIRC-V1/build/CMakeFiles/3.9.6/CompilerIdC/a.out"

Compiling the CXX compiler identification source file "CMakeCXXCompilerId.cpp" succeeded.
Compiler: /software/STCF/gcc494-install/bin/g++ 
Build flags: 
Id flags:  

The output was:
0


Compilation of the CXX compiler identification source "CMakeCXXCompilerId.cpp" produced "a.out"

The CXX compiler identification is GNU, found in "/home/lizw/work/FTOFsimulation/DIRC-V1/build/CMakeFiles/3.9.6/CompilerIdCXX/a.out"

Determining if the C compiler works passed with the following output:
Change Dir: /home/lizw/work/FTOFsimulation/DIRC-V1/build/CMakeFiles/CMakeTmp

Run Build Command:"/usr/bin/gmake" "cmTC_01d41/fast"
/usr/bin/gmake -f CMakeFiles/cmTC_01d41.dir/build.make CMakeFiles/cmTC_01d41.dir/build
gmake[1]: Entering directory `/hepustc/home/lizw/work/FTOFsimulation/DIRC-V1/build/CMakeFiles/CMakeTmp'
Building C object CMakeFiles/cmTC_01d41.dir/testCCompiler.c.o
/software/STCF/gcc494-install/bin/gcc    -o CMakeFiles/cmTC_01d41.dir/testCCompiler.c.o   -c /home/lizw/work/FTOFsimulation/DIRC-V1/build/CMakeFiles/CMakeTmp/testCCompiler.c
Linking C executable cmTC_01d41
/hepustc/software/STCF/Oscar_pre2.0/ExternalLibs/Cmake/3.9.6/bin/cmake -E cmake_link_script CMakeFiles/cmTC_01d41.dir/link.txt --verbose=1
/software/STCF/gcc494-install/bin/gcc      -rdynamic CMakeFiles/cmTC_01d41.dir/testCCompiler.c.o  -o cmTC_01d41 
gmake[1]: Leaving directory `/hepustc/home/lizw/work/FTOFsimulation/DIRC-V1/build/CMakeFiles/CMakeTmp'


Detecting C compiler ABI info compiled with the following output:
Change Dir: /home/lizw/work/FTOFsimulation/DIRC-V1/build/CMakeFiles/CMakeTmp

Run Build Command:"/usr/bin/gmake" "cmTC_59f51/fast"
/usr/bin/gmake -f CMakeFiles/cmTC_59f51.dir/build.make CMakeFiles/cmTC_59f51.dir/build
gmake[1]: Entering directory `/hepustc/home/lizw/work/FTOFsimulation/DIRC-V1/build/CMakeFiles/CMakeTmp'
Building C object CMakeFiles/cmTC_59f51.dir/CMakeCCompilerABI.c.o
/software/STCF/gcc494-install/bin/gcc    -o CMakeFiles/cmTC_59f51.dir/CMakeCCompilerABI.c.o   -c /hepustc/software/STCF/Oscar_pre2.0/ExternalLibs/Cmake/3.9.6/share/cmake-3.9/Modules/CMakeCCompilerABI.c
Linking C executable cmTC_59f51
/hepustc/software/STCF/Oscar_pre2.0/ExternalLibs/Cmake/3.9.6/bin/cmake -E cmake_link_script CMakeFiles/cmTC_59f51.dir/link.txt --verbose=1
/software/STCF/gcc494-install/bin/gcc     -v -rdynamic CMakeFiles/cmTC_59f51.dir/CMakeCCompilerABI.c.o  -o cmTC_59f51 
Using built-in specs.
COLLECT_GCC=/software/STCF/gcc494-install/bin/gcc
COLLECT_LTO_WRAPPER=/hepustc/software/STCF/gcc494-install/bin/../libexec/gcc/x86_64-unknown-linux-gnu/4.9.4/lto-wrapper
Target: x86_64-unknown-linux-gnu
Configured with: ./configure --prefix=/software/STCF/gcc494-install/ --enable-threads=posix --disable-checking --disable-multilib --enable-languages=all
Thread model: posix
gcc version 4.9.4 (GCC) 
COMPILER_PATH=/hepustc/software/STCF/gcc494-install/bin/../libexec/gcc/x86_64-unknown-linux-gnu/4.9.4/:/hepustc/software/STCF/gcc494-install/bin/../libexec/gcc/
LIBRARY_PATH=/hepustc/software/STCF/gcc494-install/bin/../lib/gcc/x86_64-unknown-linux-gnu/4.9.4/:/hepustc/software/STCF/gcc494-install/bin/../lib/gcc/:/hepustc/software/STCF/gcc494-install/bin/../lib/gcc/x86_64-unknown-linux-gnu/4.9.4/../../../../lib64/:/lib/../lib64/:/usr/lib/../lib64/:/hepustc/software/STCF/gcc494-install/bin/../lib/gcc/x86_64-unknown-linux-gnu/4.9.4/../../../:/lib/:/usr/lib/
COLLECT_GCC_OPTIONS='-v' '-rdynamic' '-o' 'cmTC_59f51' '-mtune=generic' '-march=x86-64'
 /hepustc/software/STCF/gcc494-install/bin/../libexec/gcc/x86_64-unknown-linux-gnu/4.9.4/collect2 --eh-frame-hdr -m elf_x86_64 -export-dynamic -dynamic-linker /lib64/ld-linux-x86-64.so.2 -o cmTC_59f51 /usr/lib/../lib64/crt1.o /usr/lib/../lib64/crti.o /hepustc/software/STCF/gcc494-install/bin/../lib/gcc/x86_64-unknown-linux-gnu/4.9.4/crtbegin.o -L/hepustc/software/STCF/gcc494-install/bin/../lib/gcc/x86_64-unknown-linux-gnu/4.9.4 -L/hepustc/software/STCF/gcc494-install/bin/../lib/gcc -L/hepustc/software/STCF/gcc494-install/bin/../lib/gcc/x86_64-unknown-linux-gnu/4.9.4/../../../../lib64 -L/lib/../lib64 -L/usr/lib/../lib64 -L/hepustc/software/STCF/gcc494-install/bin/../lib/gcc/x86_64-unknown-linux-gnu/4.9.4/../../.. CMakeFiles/cmTC_59f51.dir/CMakeCCompilerABI.c.o -lgcc --as-needed -lgcc_s --no-as-needed -lc -lgcc --as-needed -lgcc_s --no-as-needed /hepustc/software/STCF/gcc494-install/bin/../lib/gcc/x86_64-unknown-linux-gnu/4.9.4/crtend.o /usr/lib/../lib64/crtn.o
gmake[1]: Leaving directory `/hepustc/home/lizw/work/FTOFsimulation/DIRC-V1/build/CMakeFiles/CMakeTmp'


Parsed C implicit link information from above output:
  link line regex: [^( *|.*[/\])(ld|CMAKE_LINK_STARTFILE-NOTFOUND|([^/\]+-)?ld|collect2)[^/\]*( |$)]
  ignore line: [Change Dir: /home/lizw/work/FTOFsimulation/DIRC-V1/build/CMakeFiles/CMakeTmp]
  ignore line: []
  ignore line: [Run Build Command:"/usr/bin/gmake" "cmTC_59f51/fast"]
  ignore line: [/usr/bin/gmake -f CMakeFiles/cmTC_59f51.dir/build.make CMakeFiles/cmTC_59f51.dir/build]
  ignore line: [gmake[1]: Entering directory `/hepustc/home/lizw/work/FTOFsimulation/DIRC-V1/build/CMakeFiles/CMakeTmp']
  ignore line: [Building C object CMakeFiles/cmTC_59f51.dir/CMakeCCompilerABI.c.o]
  ignore line: [/software/STCF/gcc494-install/bin/gcc    -o CMakeFiles/cmTC_59f51.dir/CMakeCCompilerABI.c.o   -c /hepustc/software/STCF/Oscar_pre2.0/ExternalLibs/Cmake/3.9.6/share/cmake-3.9/Modules/CMakeCCompilerABI.c]
  ignore line: [Linking C executable cmTC_59f51]
  ignore line: [/hepustc/software/STCF/Oscar_pre2.0/ExternalLibs/Cmake/3.9.6/bin/cmake -E cmake_link_script CMakeFiles/cmTC_59f51.dir/link.txt --verbose=1]
  ignore line: [/software/STCF/gcc494-install/bin/gcc     -v -rdynamic CMakeFiles/cmTC_59f51.dir/CMakeCCompilerABI.c.o  -o cmTC_59f51 ]
  ignore line: [Using built-in specs.]
  ignore line: [COLLECT_GCC=/software/STCF/gcc494-install/bin/gcc]
  ignore line: [COLLECT_LTO_WRAPPER=/hepustc/software/STCF/gcc494-install/bin/../libexec/gcc/x86_64-unknown-linux-gnu/4.9.4/lto-wrapper]
  ignore line: [Target: x86_64-unknown-linux-gnu]
  ignore line: [Configured with: ./configure --prefix=/software/STCF/gcc494-install/ --enable-threads=posix --disable-checking --disable-multilib --enable-languages=all]
  ignore line: [Thread model: posix]
  ignore line: [gcc version 4.9.4 (GCC) ]
  ignore line: [COMPILER_PATH=/hepustc/software/STCF/gcc494-install/bin/../libexec/gcc/x86_64-unknown-linux-gnu/4.9.4/:/hepustc/software/STCF/gcc494-install/bin/../libexec/gcc/]
  ignore line: [LIBRARY_PATH=/hepustc/software/STCF/gcc494-install/bin/../lib/gcc/x86_64-unknown-linux-gnu/4.9.4/:/hepustc/software/STCF/gcc494-install/bin/../lib/gcc/:/hepustc/software/STCF/gcc494-install/bin/../lib/gcc/x86_64-unknown-linux-gnu/4.9.4/../../../../lib64/:/lib/../lib64/:/usr/lib/../lib64/:/hepustc/software/STCF/gcc494-install/bin/../lib/gcc/x86_64-unknown-linux-gnu/4.9.4/../../../:/lib/:/usr/lib/]
  ignore line: [COLLECT_GCC_OPTIONS='-v' '-rdynamic' '-o' 'cmTC_59f51' '-mtune=generic' '-march=x86-64']
  link line: [ /hepustc/software/STCF/gcc494-install/bin/../libexec/gcc/x86_64-unknown-linux-gnu/4.9.4/collect2 --eh-frame-hdr -m elf_x86_64 -export-dynamic -dynamic-linker /lib64/ld-linux-x86-64.so.2 -o cmTC_59f51 /usr/lib/../lib64/crt1.o /usr/lib/../lib64/crti.o /hepustc/software/STCF/gcc494-install/bin/../lib/gcc/x86_64-unknown-linux-gnu/4.9.4/crtbegin.o -L/hepustc/software/STCF/gcc494-install/bin/../lib/gcc/x86_64-unknown-linux-gnu/4.9.4 -L/hepustc/software/STCF/gcc494-install/bin/../lib/gcc -L/hepustc/software/STCF/gcc494-install/bin/../lib/gcc/x86_64-unknown-linux-gnu/4.9.4/../../../../lib64 -L/lib/../lib64 -L/usr/lib/../lib64 -L/hepustc/software/STCF/gcc494-install/bin/../lib/gcc/x86_64-unknown-linux-gnu/4.9.4/../../.. CMakeFiles/cmTC_59f51.dir/CMakeCCompilerABI.c.o -lgcc --as-needed -lgcc_s --no-as-needed -lc -lgcc --as-needed -lgcc_s --no-as-needed /hepustc/software/STCF/gcc494-install/bin/../lib/gcc/x86_64-unknown-linux-gnu/4.9.4/crtend.o /usr/lib/../lib64/crtn.o]
    arg [/hepustc/software/STCF/gcc494-install/bin/../libexec/gcc/x86_64-unknown-linux-gnu/4.9.4/collect2] ==> ignore
    arg [--eh-frame-hdr] ==> ignore
    arg [-m] ==> ignore
    arg [elf_x86_64] ==> ignore
    arg [-export-dynamic] ==> ignore
    arg [-dynamic-linker] ==> ignore
    arg [/lib64/ld-linux-x86-64.so.2] ==> ignore
    arg [-o] ==> ignore
    arg [cmTC_59f51] ==> ignore
    arg [/usr/lib/../lib64/crt1.o] ==> ignore
    arg [/usr/lib/../lib64/crti.o] ==> ignore
    arg [/hepustc/software/STCF/gcc494-install/bin/../lib/gcc/x86_64-unknown-linux-gnu/4.9.4/crtbegin.o] ==> ignore
    arg [-L/hepustc/software/STCF/gcc494-install/bin/../lib/gcc/x86_64-unknown-linux-gnu/4.9.4] ==> dir [/hepustc/software/STCF/gcc494-install/bin/../lib/gcc/x86_64-unknown-linux-gnu/4.9.4]
    arg [-L/hepustc/software/STCF/gcc494-install/bin/../lib/gcc] ==> dir [/hepustc/software/STCF/gcc494-install/bin/../lib/gcc]
    arg [-L/hepustc/software/STCF/gcc494-install/bin/../lib/gcc/x86_64-unknown-linux-gnu/4.9.4/../../../../lib64] ==> dir [/hepustc/software/STCF/gcc494-install/bin/../lib/gcc/x86_64-unknown-linux-gnu/4.9.4/../../../../lib64]
    arg [-L/lib/../lib64] ==> dir [/lib/../lib64]
    arg [-L/usr/lib/../lib64] ==> dir [/usr/lib/../lib64]
    arg [-L/hepustc/software/STCF/gcc494-install/bin/../lib/gcc/x86_64-unknown-linux-gnu/4.9.4/../../..] ==> dir [/hepustc/software/STCF/gcc494-install/bin/../lib/gcc/x86_64-unknown-linux-gnu/4.9.4/../../..]
    arg [CMakeFiles/cmTC_59f51.dir/CMakeCCompilerABI.c.o] ==> ignore
    arg [-lgcc] ==> lib [gcc]
    arg [--as-needed] ==> ignore
    arg [-lgcc_s] ==> lib [gcc_s]
    arg [--no-as-needed] ==> ignore
    arg [-lc] ==> lib [c]
    arg [-lgcc] ==> lib [gcc]
    arg [--as-needed] ==> ignore
    arg [-lgcc_s] ==> lib [gcc_s]
    arg [--no-as-needed] ==> ignore
    arg [/hepustc/software/STCF/gcc494-install/bin/../lib/gcc/x86_64-unknown-linux-gnu/4.9.4/crtend.o] ==> ignore
    arg [/usr/lib/../lib64/crtn.o] ==> ignore
  collapse library dir [/hepustc/software/STCF/gcc494-install/bin/../lib/gcc/x86_64-unknown-linux-gnu/4.9.4] ==> [/hepustc/software/STCF/gcc494-install/lib/gcc/x86_64-unknown-linux-gnu/4.9.4]
  collapse library dir [/hepustc/software/STCF/gcc494-install/bin/../lib/gcc] ==> [/hepustc/software/STCF/gcc494-install/lib/gcc]
  collapse library dir [/hepustc/software/STCF/gcc494-install/bin/../lib/gcc/x86_64-unknown-linux-gnu/4.9.4/../../../../lib64] ==> [/hepustc/software/STCF/gcc494-install/lib64]
  collapse library dir [/lib/../lib64] ==> [/lib64]
  collapse library dir [/usr/lib/../lib64] ==> [/usr/lib64]
  collapse library dir [/hepustc/software/STCF/gcc494-install/bin/../lib/gcc/x86_64-unknown-linux-gnu/4.9.4/../../..] ==> [/hepustc/software/STCF/gcc494-install/lib]
  implicit libs: [gcc;gcc_s;c;gcc;gcc_s]
  implicit dirs: [/hepustc/software/STCF/gcc494-install/lib/gcc/x86_64-unknown-linux-gnu/4.9.4;/hepustc/software/STCF/gcc494-install/lib/gcc;/hepustc/software/STCF/gcc494-install/lib64;/lib64;/usr/lib64;/hepustc/software/STCF/gcc494-install/lib]
  implicit fwks: []




Detecting C [-std=c11] compiler features compiled with the following output:
Change Dir: /home/lizw/work/FTOFsimulation/DIRC-V1/build/CMakeFiles/CMakeTmp

Run Build Command:"/usr/bin/gmake" "cmTC_13513/fast"
/usr/bin/gmake -f CMakeFiles/cmTC_13513.dir/build.make CMakeFiles/cmTC_13513.dir/build
gmake[1]: Entering directory `/hepustc/home/lizw/work/FTOFsimulation/DIRC-V1/build/CMakeFiles/CMakeTmp'
Building C object CMakeFiles/cmTC_13513.dir/feature_tests.c.o
/software/STCF/gcc494-install/bin/gcc   -std=c11 -o CMakeFiles/cmTC_13513.dir/feature_tests.c.o   -c /home/lizw/work/FTOFsimulation/DIRC-V1/build/CMakeFiles/feature_tests.c
Linking C executable cmTC_13513
/hepustc/software/STCF/Oscar_pre2.0/ExternalLibs/Cmake/3.9.6/bin/cmake -E cmake_link_script CMakeFiles/cmTC_13513.dir/link.txt --verbose=1
/software/STCF/gcc494-install/bin/gcc      -rdynamic CMakeFiles/cmTC_13513.dir/feature_tests.c.o  -o cmTC_13513 
gmake[1]: Leaving directory `/hepustc/home/lizw/work/FTOFsimulation/DIRC-V1/build/CMakeFiles/CMakeTmp'


    Feature record: C_FEATURE:1c_function_prototypes
    Feature record: C_FEATURE:1c_restrict
    Feature record: C_FEATURE:1c_static_assert
    Feature record: C_FEATURE:1c_variadic_macros


Detecting C [-std=c99] compiler features compiled with the following output:
Change Dir: /home/lizw/work/FTOFsimulation/DIRC-V1/build/CMakeFiles/CMakeTmp

Run Build Command:"/usr/bin/gmake" "cmTC_985bf/fast"
/usr/bin/gmake -f CMakeFiles/cmTC_985bf.dir/build.make CMakeFiles/cmTC_985bf.dir/build
gmake[1]: Entering directory `/hepustc/home/lizw/work/FTOFsimulation/DIRC-V1/build/CMakeFiles/CMakeTmp'
Building C object CMakeFiles/cmTC_985bf.dir/feature_tests.c.o
/software/STCF/gcc494-install/bin/gcc   -std=c99 -o CMakeFiles/cmTC_985bf.dir/feature_tests.c.o   -c /home/lizw/work/FTOFsimulation/DIRC-V1/build/CMakeFiles/feature_tests.c
Linking C executable cmTC_985bf
/hepustc/software/STCF/Oscar_pre2.0/ExternalLibs/Cmake/3.9.6/bin/cmake -E cmake_link_script CMakeFiles/cmTC_985bf.dir/link.txt --verbose=1
/software/STCF/gcc494-install/bin/gcc      -rdynamic CMakeFiles/cmTC_985bf.dir/feature_tests.c.o  -o cmTC_985bf 
gmake[1]: Leaving directory `/hepustc/home/lizw/work/FTOFsimulation/DIRC-V1/build/CMakeFiles/CMakeTmp'


    Feature record: C_FEATURE:1c_function_prototypes
    Feature record: C_FEATURE:1c_restrict
    Feature record: C_FEATURE:0c_static_assert
    Feature record: C_FEATURE:1c_variadic_macros


Detecting C [-std=c90] compiler features compiled with the following output:
Change Dir: /home/lizw/work/FTOFsimulation/DIRC-V1/build/CMakeFiles/CMakeTmp

Run Build Command:"/usr/bin/gmake" "cmTC_bfc05/fast"
/usr/bin/gmake -f CMakeFiles/cmTC_bfc05.dir/build.make CMakeFiles/cmTC_bfc05.dir/build
gmake[1]: Entering directory `/hepustc/home/lizw/work/FTOFsimulation/DIRC-V1/build/CMakeFiles/CMakeTmp'
Building C object CMakeFiles/cmTC_bfc05.dir/feature_tests.c.o
/software/STCF/gcc494-install/bin/gcc   -std=c90 -o CMakeFiles/cmTC_bfc05.dir/feature_tests.c.o   -c /home/lizw/work/FTOFsimulation/DIRC-V1/build/CMakeFiles/feature_tests.c
Linking C executable cmTC_bfc05
/hepustc/software/STCF/Oscar_pre2.0/ExternalLibs/Cmake/3.9.6/bin/cmake -E cmake_link_script CMakeFiles/cmTC_bfc05.dir/link.txt --verbose=1
/software/STCF/gcc494-install/bin/gcc      -rdynamic CMakeFiles/cmTC_bfc05.dir/feature_tests.c.o  -o cmTC_bfc05 
gmake[1]: Leaving directory `/hepustc/home/lizw/work/FTOFsimulation/DIRC-V1/build/CMakeFiles/CMakeTmp'


    Feature record: C_FEATURE:1c_function_prototypes
    Feature record: C_FEATURE:0c_restrict
    Feature record: C_FEATURE:0c_static_assert
    Feature record: C_FEATURE:0c_variadic_macros
Determining if the CXX compiler works passed with the following output:
Change Dir: /home/lizw/work/FTOFsimulation/DIRC-V1/build/CMakeFiles/CMakeTmp

Run Build Command:"/usr/bin/gmake" "cmTC_60c9c/fast"
/usr/bin/gmake -f CMakeFiles/cmTC_60c9c.dir/build.make CMakeFiles/cmTC_60c9c.dir/build
gmake[1]: Entering directory `/hepustc/home/lizw/work/FTOFsimulation/DIRC-V1/build/CMakeFiles/CMakeTmp'
Building CXX object CMakeFiles/cmTC_60c9c.dir/testCXXCompiler.cxx.o
/software/STCF/gcc494-install/bin/g++     -o CMakeFiles/cmTC_60c9c.dir/testCXXCompiler.cxx.o -c /home/lizw/work/FTOFsimulation/DIRC-V1/build/CMakeFiles/CMakeTmp/testCXXCompiler.cxx
Linking CXX executable cmTC_60c9c
/hepustc/software/STCF/Oscar_pre2.0/ExternalLibs/Cmake/3.9.6/bin/cmake -E cmake_link_script CMakeFiles/cmTC_60c9c.dir/link.txt --verbose=1
/software/STCF/gcc494-install/bin/g++       -rdynamic CMakeFiles/cmTC_60c9c.dir/testCXXCompiler.cxx.o  -o cmTC_60c9c 
gmake[1]: Leaving directory `/hepustc/home/lizw/work/FTOFsimulation/DIRC-V1/build/CMakeFiles/CMakeTmp'


Detecting CXX compiler ABI info compiled with the following output:
Change Dir: /home/lizw/work/FTOFsimulation/DIRC-V1/build/CMakeFiles/CMakeTmp

Run Build Command:"/usr/bin/gmake" "cmTC_36e4e/fast"
/usr/bin/gmake -f CMakeFiles/cmTC_36e4e.dir/build.make CMakeFiles/cmTC_36e4e.dir/build
gmake[1]: Entering directory `/hepustc/home/lizw/work/FTOFsimulation/DIRC-V1/build/CMakeFiles/CMakeTmp'
Building CXX object CMakeFiles/cmTC_36e4e.dir/CMakeCXXCompilerABI.cpp.o
/software/STCF/gcc494-install/bin/g++     -o CMakeFiles/cmTC_36e4e.dir/CMakeCXXCompilerABI.cpp.o -c /hepustc/software/STCF/Oscar_pre2.0/ExternalLibs/Cmake/3.9.6/share/cmake-3.9/Modules/CMakeCXXCompilerABI.cpp
Linking CXX executable cmTC_36e4e
/hepustc/software/STCF/Oscar_pre2.0/ExternalLibs/Cmake/3.9.6/bin/cmake -E cmake_link_script CMakeFiles/cmTC_36e4e.dir/link.txt --verbose=1
/software/STCF/gcc494-install/bin/g++      -v -rdynamic CMakeFiles/cmTC_36e4e.dir/CMakeCXXCompilerABI.cpp.o  -o cmTC_36e4e 
Using built-in specs.
COLLECT_GCC=/software/STCF/gcc494-install/bin/g++
COLLECT_LTO_WRAPPER=/hepustc/software/STCF/gcc494-install/bin/../libexec/gcc/x86_64-unknown-linux-gnu/4.9.4/lto-wrapper
Target: x86_64-unknown-linux-gnu
Configured with: ./configure --prefix=/software/STCF/gcc494-install/ --enable-threads=posix --disable-checking --disable-multilib --enable-languages=all
Thread model: posix
gcc version 4.9.4 (GCC) 
COMPILER_PATH=/hepustc/software/STCF/gcc494-install/bin/../libexec/gcc/x86_64-unknown-linux-gnu/4.9.4/:/hepustc/software/STCF/gcc494-install/bin/../libexec/gcc/
LIBRARY_PATH=/hepustc/software/STCF/gcc494-install/bin/../lib/gcc/x86_64-unknown-linux-gnu/4.9.4/:/hepustc/software/STCF/gcc494-install/bin/../lib/gcc/:/hepustc/software/STCF/gcc494-install/bin/../lib/gcc/x86_64-unknown-linux-gnu/4.9.4/../../../../lib64/:/lib/../lib64/:/usr/lib/../lib64/:/hepustc/software/STCF/gcc494-install/bin/../lib/gcc/x86_64-unknown-linux-gnu/4.9.4/../../../:/lib/:/usr/lib/
COLLECT_GCC_OPTIONS='-v' '-rdynamic' '-o' 'cmTC_36e4e' '-shared-libgcc' '-mtune=generic' '-march=x86-64'
 /hepustc/software/STCF/gcc494-install/bin/../libexec/gcc/x86_64-unknown-linux-gnu/4.9.4/collect2 --eh-frame-hdr -m elf_x86_64 -export-dynamic -dynamic-linker /lib64/ld-linux-x86-64.so.2 -o cmTC_36e4e /usr/lib/../lib64/crt1.o /usr/lib/../lib64/crti.o /hepustc/software/STCF/gcc494-install/bin/../lib/gcc/x86_64-unknown-linux-gnu/4.9.4/crtbegin.o -L/hepustc/software/STCF/gcc494-install/bin/../lib/gcc/x86_64-unknown-linux-gnu/4.9.4 -L/hepustc/software/STCF/gcc494-install/bin/../lib/gcc -L/hepustc/software/STCF/gcc494-install/bin/../lib/gcc/x86_64-unknown-linux-gnu/4.9.4/../../../../lib64 -L/lib/../lib64 -L/usr/lib/../lib64 -L/hepustc/software/STCF/gcc494-install/bin/../lib/gcc/x86_64-unknown-linux-gnu/4.9.4/../../.. CMakeFiles/cmTC_36e4e.dir/CMakeCXXCompilerABI.cpp.o -lstdc++ -lm -lgcc_s -lgcc -lc -lgcc_s -lgcc /hepustc/software/STCF/gcc494-install/bin/../lib/gcc/x86_64-unknown-linux-gnu/4.9.4/crtend.o /usr/lib/../lib64/crtn.o
gmake[1]: Leaving directory `/hepustc/home/lizw/work/FTOFsimulation/DIRC-V1/build/CMakeFiles/CMakeTmp'


Parsed CXX implicit link information from above output:
  link line regex: [^( *|.*[/\])(ld|CMAKE_LINK_STARTFILE-NOTFOUND|([^/\]+-)?ld|collect2)[^/\]*( |$)]
  ignore line: [Change Dir: /home/lizw/work/FTOFsimulation/DIRC-V1/build/CMakeFiles/CMakeTmp]
  ignore line: []
  ignore line: [Run Build Command:"/usr/bin/gmake" "cmTC_36e4e/fast"]
  ignore line: [/usr/bin/gmake -f CMakeFiles/cmTC_36e4e.dir/build.make CMakeFiles/cmTC_36e4e.dir/build]
  ignore line: [gmake[1]: Entering directory `/hepustc/home/lizw/work/FTOFsimulation/DIRC-V1/build/CMakeFiles/CMakeTmp']
  ignore line: [Building CXX object CMakeFiles/cmTC_36e4e.dir/CMakeCXXCompilerABI.cpp.o]
  ignore line: [/software/STCF/gcc494-install/bin/g++     -o CMakeFiles/cmTC_36e4e.dir/CMakeCXXCompilerABI.cpp.o -c /hepustc/software/STCF/Oscar_pre2.0/ExternalLibs/Cmake/3.9.6/share/cmake-3.9/Modules/CMakeCXXCompilerABI.cpp]
  ignore line: [Linking CXX executable cmTC_36e4e]
  ignore line: [/hepustc/software/STCF/Oscar_pre2.0/ExternalLibs/Cmake/3.9.6/bin/cmake -E cmake_link_script CMakeFiles/cmTC_36e4e.dir/link.txt --verbose=1]
  ignore line: [/software/STCF/gcc494-install/bin/g++      -v -rdynamic CMakeFiles/cmTC_36e4e.dir/CMakeCXXCompilerABI.cpp.o  -o cmTC_36e4e ]
  ignore line: [Using built-in specs.]
  ignore line: [COLLECT_GCC=/software/STCF/gcc494-install/bin/g++]
  ignore line: [COLLECT_LTO_WRAPPER=/hepustc/software/STCF/gcc494-install/bin/../libexec/gcc/x86_64-unknown-linux-gnu/4.9.4/lto-wrapper]
  ignore line: [Target: x86_64-unknown-linux-gnu]
  ignore line: [Configured with: ./configure --prefix=/software/STCF/gcc494-install/ --enable-threads=posix --disable-checking --disable-multilib --enable-languages=all]
  ignore line: [Thread model: posix]
  ignore line: [gcc version 4.9.4 (GCC) ]
  ignore line: [COMPILER_PATH=/hepustc/software/STCF/gcc494-install/bin/../libexec/gcc/x86_64-unknown-linux-gnu/4.9.4/:/hepustc/software/STCF/gcc494-install/bin/../libexec/gcc/]
  ignore line: [LIBRARY_PATH=/hepustc/software/STCF/gcc494-install/bin/../lib/gcc/x86_64-unknown-linux-gnu/4.9.4/:/hepustc/software/STCF/gcc494-install/bin/../lib/gcc/:/hepustc/software/STCF/gcc494-install/bin/../lib/gcc/x86_64-unknown-linux-gnu/4.9.4/../../../../lib64/:/lib/../lib64/:/usr/lib/../lib64/:/hepustc/software/STCF/gcc494-install/bin/../lib/gcc/x86_64-unknown-linux-gnu/4.9.4/../../../:/lib/:/usr/lib/]
  ignore line: [COLLECT_GCC_OPTIONS='-v' '-rdynamic' '-o' 'cmTC_36e4e' '-shared-libgcc' '-mtune=generic' '-march=x86-64']
  link line: [ /hepustc/software/STCF/gcc494-install/bin/../libexec/gcc/x86_64-unknown-linux-gnu/4.9.4/collect2 --eh-frame-hdr -m elf_x86_64 -export-dynamic -dynamic-linker /lib64/ld-linux-x86-64.so.2 -o cmTC_36e4e /usr/lib/../lib64/crt1.o /usr/lib/../lib64/crti.o /hepustc/software/STCF/gcc494-install/bin/../lib/gcc/x86_64-unknown-linux-gnu/4.9.4/crtbegin.o -L/hepustc/software/STCF/gcc494-install/bin/../lib/gcc/x86_64-unknown-linux-gnu/4.9.4 -L/hepustc/software/STCF/gcc494-install/bin/../lib/gcc -L/hepustc/software/STCF/gcc494-install/bin/../lib/gcc/x86_64-unknown-linux-gnu/4.9.4/../../../../lib64 -L/lib/../lib64 -L/usr/lib/../lib64 -L/hepustc/software/STCF/gcc494-install/bin/../lib/gcc/x86_64-unknown-linux-gnu/4.9.4/../../.. CMakeFiles/cmTC_36e4e.dir/CMakeCXXCompilerABI.cpp.o -lstdc++ -lm -lgcc_s -lgcc -lc -lgcc_s -lgcc /hepustc/software/STCF/gcc494-install/bin/../lib/gcc/x86_64-unknown-linux-gnu/4.9.4/crtend.o /usr/lib/../lib64/crtn.o]
    arg [/hepustc/software/STCF/gcc494-install/bin/../libexec/gcc/x86_64-unknown-linux-gnu/4.9.4/collect2] ==> ignore
    arg [--eh-frame-hdr] ==> ignore
    arg [-m] ==> ignore
    arg [elf_x86_64] ==> ignore
    arg [-export-dynamic] ==> ignore
    arg [-dynamic-linker] ==> ignore
    arg [/lib64/ld-linux-x86-64.so.2] ==> ignore
    arg [-o] ==> ignore
    arg [cmTC_36e4e] ==> ignore
    arg [/usr/lib/../lib64/crt1.o] ==> ignore
    arg [/usr/lib/../lib64/crti.o] ==> ignore
    arg [/hepustc/software/STCF/gcc494-install/bin/../lib/gcc/x86_64-unknown-linux-gnu/4.9.4/crtbegin.o] ==> ignore
    arg [-L/hepustc/software/STCF/gcc494-install/bin/../lib/gcc/x86_64-unknown-linux-gnu/4.9.4] ==> dir [/hepustc/software/STCF/gcc494-install/bin/../lib/gcc/x86_64-unknown-linux-gnu/4.9.4]
    arg [-L/hepustc/software/STCF/gcc494-install/bin/../lib/gcc] ==> dir [/hepustc/software/STCF/gcc494-install/bin/../lib/gcc]
    arg [-L/hepustc/software/STCF/gcc494-install/bin/../lib/gcc/x86_64-unknown-linux-gnu/4.9.4/../../../../lib64] ==> dir [/hepustc/software/STCF/gcc494-install/bin/../lib/gcc/x86_64-unknown-linux-gnu/4.9.4/../../../../lib64]
    arg [-L/lib/../lib64] ==> dir [/lib/../lib64]
    arg [-L/usr/lib/../lib64] ==> dir [/usr/lib/../lib64]
    arg [-L/hepustc/software/STCF/gcc494-install/bin/../lib/gcc/x86_64-unknown-linux-gnu/4.9.4/../../..] ==> dir [/hepustc/software/STCF/gcc494-install/bin/../lib/gcc/x86_64-unknown-linux-gnu/4.9.4/../../..]
    arg [CMakeFiles/cmTC_36e4e.dir/CMakeCXXCompilerABI.cpp.o] ==> ignore
    arg [-lstdc++] ==> lib [stdc++]
    arg [-lm] ==> lib [m]
    arg [-lgcc_s] ==> lib [gcc_s]
    arg [-lgcc] ==> lib [gcc]
    arg [-lc] ==> lib [c]
    arg [-lgcc_s] ==> lib [gcc_s]
    arg [-lgcc] ==> lib [gcc]
    arg [/hepustc/software/STCF/gcc494-install/bin/../lib/gcc/x86_64-unknown-linux-gnu/4.9.4/crtend.o] ==> ignore
    arg [/usr/lib/../lib64/crtn.o] ==> ignore
  collapse library dir [/hepustc/software/STCF/gcc494-install/bin/../lib/gcc/x86_64-unknown-linux-gnu/4.9.4] ==> [/hepustc/software/STCF/gcc494-install/lib/gcc/x86_64-unknown-linux-gnu/4.9.4]
  collapse library dir [/hepustc/software/STCF/gcc494-install/bin/../lib/gcc] ==> [/hepustc/software/STCF/gcc494-install/lib/gcc]
  collapse library dir [/hepustc/software/STCF/gcc494-install/bin/../lib/gcc/x86_64-unknown-linux-gnu/4.9.4/../../../../lib64] ==> [/hepustc/software/STCF/gcc494-install/lib64]
  collapse library dir [/lib/../lib64] ==> [/lib64]
  collapse library dir [/usr/lib/../lib64] ==> [/usr/lib64]
  collapse library dir [/hepustc/software/STCF/gcc494-install/bin/../lib/gcc/x86_64-unknown-linux-gnu/4.9.4/../../..] ==> [/hepustc/software/STCF/gcc494-install/lib]
  implicit libs: [stdc++;m;gcc_s;gcc;c;gcc_s;gcc]
  implicit dirs: [/hepustc/software/STCF/gcc494-install/lib/gcc/x86_64-unknown-linux-gnu/4.9.4;/hepustc/software/STCF/gcc494-install/lib/gcc;/hepustc/software/STCF/gcc494-install/lib64;/lib64;/usr/lib64;/hepustc/software/STCF/gcc494-install/lib]
  implicit fwks: []




Detecting CXX [-std=c++14] compiler features compiled with the following output:
Change Dir: /home/lizw/work/FTOFsimulation/DIRC-V1/build/CMakeFiles/CMakeTmp

Run Build Command:"/usr/bin/gmake" "cmTC_413d2/fast"
/usr/bin/gmake -f CMakeFiles/cmTC_413d2.dir/build.make CMakeFiles/cmTC_413d2.dir/build
gmake[1]: Entering directory `/hepustc/home/lizw/work/FTOFsimulation/DIRC-V1/build/CMakeFiles/CMakeTmp'
Building CXX object CMakeFiles/cmTC_413d2.dir/feature_tests.cxx.o
/software/STCF/gcc494-install/bin/g++    -std=c++14 -o CMakeFiles/cmTC_413d2.dir/feature_tests.cxx.o -c /home/lizw/work/FTOFsimulation/DIRC-V1/build/CMakeFiles/feature_tests.cxx
Linking CXX executable cmTC_413d2
/hepustc/software/STCF/Oscar_pre2.0/ExternalLibs/Cmake/3.9.6/bin/cmake -E cmake_link_script CMakeFiles/cmTC_413d2.dir/link.txt --verbose=1
/software/STCF/gcc494-install/bin/g++       -rdynamic CMakeFiles/cmTC_413d2.dir/feature_tests.cxx.o  -o cmTC_413d2 
gmake[1]: Leaving directory `/hepustc/home/lizw/work/FTOFsimulation/DIRC-V1/build/CMakeFiles/CMakeTmp'


    Feature record: CXX_FEATURE:0cxx_aggregate_default_initializers
    Feature record: CXX_FEATURE:1cxx_alias_templates
    Feature record: CXX_FEATURE:1cxx_alignas
    Feature record: CXX_FEATURE:1cxx_alignof
    Feature record: CXX_FEATURE:1cxx_attributes
    Feature record: CXX_FEATURE:1cxx_attribute_deprecated
    Feature record: CXX_FEATURE:1cxx_auto_type
    Feature record: CXX_FEATURE:1cxx_binary_literals
    Feature record: CXX_FEATURE:1cxx_constexpr
    Feature record: CXX_FEATURE:1cxx_contextual_conversions
    Feature record: CXX_FEATURE:1cxx_decltype
    Feature record: CXX_FEATURE:1cxx_decltype_auto
    Feature record: CXX_FEATURE:1cxx_decltype_incomplete_return_types
    Feature record: CXX_FEATURE:1cxx_default_function_template_args
    Feature record: CXX_FEATURE:1cxx_defaulted_functions
    Feature record: CXX_FEATURE:1cxx_defaulted_move_initializers
    Feature record: CXX_FEATURE:1cxx_delegating_constructors
    Feature record: CXX_FEATURE:1cxx_deleted_functions
    Feature record: CXX_FEATURE:1cxx_digit_separators
    Feature record: CXX_FEATURE:1cxx_enum_forward_declarations
    Feature record: CXX_FEATURE:1cxx_explicit_conversions
    Feature record: CXX_FEATURE:1cxx_extended_friend_declarations
    Feature record: CXX_FEATURE:1cxx_extern_templates
    Feature record: CXX_FEATURE:1cxx_final
    Feature record: CXX_FEATURE:1cxx_func_identifier
    Feature record: CXX_FEATURE:1cxx_generalized_initializers
    Feature record: CXX_FEATURE:1cxx_generic_lambdas
    Feature record: CXX_FEATURE:1cxx_inheriting_constructors
    Feature record: CXX_FEATURE:1cxx_inline_namespaces
    Feature record: CXX_FEATURE:1cxx_lambdas
    Feature record: CXX_FEATURE:1cxx_lambda_init_captures
    Feature record: CXX_FEATURE:1cxx_local_type_template_args
    Feature record: CXX_FEATURE:1cxx_long_long_type
    Feature record: CXX_FEATURE:1cxx_noexcept
    Feature record: CXX_FEATURE:1cxx_nonstatic_member_init
    Feature record: CXX_FEATURE:1cxx_nullptr
    Feature record: CXX_FEATURE:1cxx_override
    Feature record: CXX_FEATURE:1cxx_range_for
    Feature record: CXX_FEATURE:1cxx_raw_string_literals
    Feature record: CXX_FEATURE:1cxx_reference_qualified_functions
    Feature record: CXX_FEATURE:0cxx_relaxed_constexpr
    Feature record: CXX_FEATURE:1cxx_return_type_deduction
    Feature record: CXX_FEATURE:1cxx_right_angle_brackets
    Feature record: CXX_FEATURE:1cxx_rvalue_references
    Feature record: CXX_FEATURE:1cxx_sizeof_member
    Feature record: CXX_FEATURE:1cxx_static_assert
    Feature record: CXX_FEATURE:1cxx_strong_enums
    Feature record: CXX_FEATURE:1cxx_template_template_parameters
    Feature record: CXX_FEATURE:1cxx_thread_local
    Feature record: CXX_FEATURE:1cxx_trailing_return_types
    Feature record: CXX_FEATURE:1cxx_unicode_literals
    Feature record: CXX_FEATURE:1cxx_uniform_initialization
    Feature record: CXX_FEATURE:1cxx_unrestricted_unions
    Feature record: CXX_FEATURE:1cxx_user_literals
    Feature record: CXX_FEATURE:0cxx_variable_templates
    Feature record: CXX_FEATURE:1cxx_variadic_macros
    Feature record: CXX_FEATURE:1cxx_variadic_templates


Detecting CXX [-std=c++11] compiler features compiled with the following output:
Change Dir: /home/lizw/work/FTOFsimulation/DIRC-V1/build/CMakeFiles/CMakeTmp

Run Build Command:"/usr/bin/gmake" "cmTC_67e9f/fast"
/usr/bin/gmake -f CMakeFiles/cmTC_67e9f.dir/build.make CMakeFiles/cmTC_67e9f.dir/build
gmake[1]: Entering directory `/hepustc/home/lizw/work/FTOFsimulation/DIRC-V1/build/CMakeFiles/CMakeTmp'
Building CXX object CMakeFiles/cmTC_67e9f.dir/feature_tests.cxx.o
/software/STCF/gcc494-install/bin/g++    -std=c++11 -o CMakeFiles/cmTC_67e9f.dir/feature_tests.cxx.o -c /home/lizw/work/FTOFsimulation/DIRC-V1/build/CMakeFiles/feature_tests.cxx
Linking CXX executable cmTC_67e9f
/hepustc/software/STCF/Oscar_pre2.0/ExternalLibs/Cmake/3.9.6/bin/cmake -E cmake_link_script CMakeFiles/cmTC_67e9f.dir/link.txt --verbose=1
/software/STCF/gcc494-install/bin/g++       -rdynamic CMakeFiles/cmTC_67e9f.dir/feature_tests.cxx.o  -o cmTC_67e9f 
gmake[1]: Leaving directory `/hepustc/home/lizw/work/FTOFsimulation/DIRC-V1/build/CMakeFiles/CMakeTmp'


    Feature record: CXX_FEATURE:0cxx_aggregate_default_initializers
    Feature record: CXX_FEATURE:1cxx_alias_templates
    Feature record: CXX_FEATURE:1cxx_alignas
    Feature record: CXX_FEATURE:1cxx_alignof
    Feature record: CXX_FEATURE:1cxx_attributes
    Feature record: CXX_FEATURE:0cxx_attribute_deprecated
    Feature record: CXX_FEATURE:1cxx_auto_type
    Feature record: CXX_FEATURE:0cxx_binary_literals
    Feature record: CXX_FEATURE:1cxx_constexpr
    Feature record: CXX_FEATURE:0cxx_contextual_conversions
    Feature record: CXX_FEATURE:1cxx_decltype
    Feature record: CXX_FEATURE:0cxx_decltype_auto
    Feature record: CXX_FEATURE:1cxx_decltype_incomplete_return_types
    Feature record: CXX_FEATURE:1cxx_default_function_template_args
    Feature record: CXX_FEATURE:1cxx_defaulted_functions
    Feature record: CXX_FEATURE:1cxx_defaulted_move_initializers
    Feature record: CXX_FEATURE:1cxx_delegating_constructors
    Feature record: CXX_FEATURE:1cxx_deleted_functions
    Feature record: CXX_FEATURE:0cxx_digit_separators
    Feature record: CXX_FEATURE:1cxx_enum_forward_declarations
    Feature record: CXX_FEATURE:1cxx_explicit_conversions
    Feature record: CXX_FEATURE:1cxx_extended_friend_declarations
    Feature record: CXX_FEATURE:1cxx_extern_templates
    Feature record: CXX_FEATURE:1cxx_final
    Feature record: CXX_FEATURE:1cxx_func_identifier
    Feature record: CXX_FEATURE:1cxx_generalized_initializers
    Feature record: CXX_FEATURE:0cxx_generic_lambdas
    Feature record: CXX_FEATURE:1cxx_inheriting_constructors
    Feature record: CXX_FEATURE:1cxx_inline_namespaces
    Feature record: CXX_FEATURE:1cxx_lambdas
    Feature record: CXX_FEATURE:0cxx_lambda_init_captures
    Feature record: CXX_FEATURE:1cxx_local_type_template_args
    Feature record: CXX_FEATURE:1cxx_long_long_type
    Feature record: CXX_FEATURE:1cxx_noexcept
    Feature record: CXX_FEATURE:1cxx_nonstatic_member_init
    Feature record: CXX_FEATURE:1cxx_nullptr
    Feature record: CXX_FEATURE:1cxx_override
    Feature record: CXX_FEATURE:1cxx_range_for
    Feature record: CXX_FEATURE:1cxx_raw_string_literals
    Feature record: CXX_FEATURE:1cxx_reference_qualified_functions
    Feature record: CXX_FEATURE:0cxx_relaxed_constexpr
    Feature record: CXX_FEATURE:0cxx_return_type_deduction
    Feature record: CXX_FEATURE:1cxx_right_angle_brackets
    Feature record: CXX_FEATURE:1cxx_rvalue_references
    Feature record: CXX_FEATURE:1cxx_sizeof_member
    Feature record: CXX_FEATURE:1cxx_static_assert
    Feature record: CXX_FEATURE:1cxx_strong_enums
    Feature record: CXX_FEATURE:1cxx_template_template_parameters
    Feature record: CXX_FEATURE:1cxx_thread_local
    Feature record: CXX_FEATURE:1cxx_trailing_return_types
    Feature record: CXX_FEATURE:1cxx_unicode_literals
    Feature record: CXX_FEATURE:1cxx_uniform_initialization
    Feature record: CXX_FEATURE:1cxx_unrestricted_unions
    Feature record: CXX_FEATURE:1cxx_user_literals
    Feature record: CXX_FEATURE:0cxx_variable_templates
    Feature record: CXX_FEATURE:1cxx_variadic_macros
    Feature record: CXX_FEATURE:1cxx_variadic_templates


Detecting CXX [-std=c++98] compiler features compiled with the following output:
Change Dir: /home/lizw/work/FTOFsimulation/DIRC-V1/build/CMakeFiles/CMakeTmp

Run Build Command:"/usr/bin/gmake" "cmTC_190cc/fast"
/usr/bin/gmake -f CMakeFiles/cmTC_190cc.dir/build.make CMakeFiles/cmTC_190cc.dir/build
gmake[1]: Entering directory `/hepustc/home/lizw/work/FTOFsimulation/DIRC-V1/build/CMakeFiles/CMakeTmp'
Building CXX object CMakeFiles/cmTC_190cc.dir/feature_tests.cxx.o
/software/STCF/gcc494-install/bin/g++    -std=c++98 -o CMakeFiles/cmTC_190cc.dir/feature_tests.cxx.o -c /home/lizw/work/FTOFsimulation/DIRC-V1/build/CMakeFiles/feature_tests.cxx
Linking CXX executable cmTC_190cc
/hepustc/software/STCF/Oscar_pre2.0/ExternalLibs/Cmake/3.9.6/bin/cmake -E cmake_link_script CMakeFiles/cmTC_190cc.dir/link.txt --verbose=1
/software/STCF/gcc494-install/bin/g++       -rdynamic CMakeFiles/cmTC_190cc.dir/feature_tests.cxx.o  -o cmTC_190cc 
gmake[1]: Leaving directory `/hepustc/home/lizw/work/FTOFsimulation/DIRC-V1/build/CMakeFiles/CMakeTmp'


    Feature record: CXX_FEATURE:0cxx_aggregate_default_initializers
    Feature record: CXX_FEATURE:0cxx_alias_templates
    Feature record: CXX_FEATURE:0cxx_alignas
    Feature record: CXX_FEATURE:0cxx_alignof
    Feature record: CXX_FEATURE:0cxx_attributes
    Feature record: CXX_FEATURE:0cxx_attribute_deprecated
    Feature record: CXX_FEATURE:0cxx_auto_type
    Feature record: CXX_FEATURE:0cxx_binary_literals
    Feature record: CXX_FEATURE:0cxx_constexpr
    Feature record: CXX_FEATURE:0cxx_contextual_conversions
    Feature record: CXX_FEATURE:0cxx_decltype
    Feature record: CXX_FEATURE:0cxx_decltype_auto
    Feature record: CXX_FEATURE:0cxx_decltype_incomplete_return_types
    Feature record: CXX_FEATURE:0cxx_default_function_template_args
    Feature record: CXX_FEATURE:0cxx_defaulted_functions
    Feature record: CXX_FEATURE:0cxx_defaulted_move_initializers
    Feature record: CXX_FEATURE:0cxx_delegating_constructors
    Feature record: CXX_FEATURE:0cxx_deleted_functions
    Feature record: CXX_FEATURE:0cxx_digit_separators
    Feature record: CXX_FEATURE:0cxx_enum_forward_declarations
    Feature record: CXX_FEATURE:0cxx_explicit_conversions
    Feature record: CXX_FEATURE:0cxx_extended_friend_declarations
    Feature record: CXX_FEATURE:0cxx_extern_templates
    Feature record: CXX_FEATURE:0cxx_final
    Feature record: CXX_FEATURE:0cxx_func_identifier
    Feature record: CXX_FEATURE:0cxx_generalized_initializers
    Feature record: CXX_FEATURE:0cxx_generic_lambdas
    Feature record: CXX_FEATURE:0cxx_inheriting_constructors
    Feature record: CXX_FEATURE:0cxx_inline_namespaces
    Feature record: CXX_FEATURE:0cxx_lambdas
    Feature record: CXX_FEATURE:0cxx_lambda_init_captures
    Feature record: CXX_FEATURE:0cxx_local_type_template_args
    Feature record: CXX_FEATURE:0cxx_long_long_type
    Feature record: CXX_FEATURE:0cxx_noexcept
    Feature record: CXX_FEATURE:0cxx_nonstatic_member_init
    Feature record: CXX_FEATURE:0cxx_nullptr
    Feature record: CXX_FEATURE:0cxx_override
    Feature record: CXX_FEATURE:0cxx_range_for
    Feature record: CXX_FEATURE:0cxx_raw_string_literals
    Feature record: CXX_FEATURE:0cxx_reference_qualified_functions
    Feature record: CXX_FEATURE:0cxx_relaxed_constexpr
    Feature record: CXX_FEATURE:0cxx_return_type_deduction
    Feature record: CXX_FEATURE:0cxx_right_angle_brackets
    Feature record: CXX_FEATURE:0cxx_rvalue_references
    Feature record: CXX_FEATURE:0cxx_sizeof_member
    Feature record: CXX_FEATURE:0cxx_static_assert
    Feature record: CXX_FEATURE:0cxx_strong_enums
    Feature record: CXX_FEATURE:1cxx_template_template_parameters
    Feature record: CXX_FEATURE:0cxx_thread_local
    Feature record: CXX_FEATURE:0cxx_trailing_return_types
    Feature record: CXX_FEATURE:0cxx_unicode_literals
    Feature record: CXX_FEATURE:0cxx_uniform_initialization
    Feature record: CXX_FEATURE:0cxx_unrestricted_unions
    Feature record: CXX_FEATURE:0cxx_user_literals
    Feature record: CXX_FEATURE:0cxx_variable_templates
    Feature record: CXX_FEATURE:0cxx_variadic_macros
    Feature record: CXX_FEATURE:0cxx_variadic_templates
